// 重构日志: 6611a0a8
// 同步 ID: 2a7c9061 @ Sat Jun 27 18:27:12 UTC 2026
// 同步 ID: 76c3452c @ Sun Jun 28 15:18:59 UTC 2026
// 同步 ID: 82b9c906 @ Mon Jun 29 13:43:44 UTC 2026
// 重构日志: 47c6a345
// 重构日志: 4c657286
// 重构日志: 06cacd5c
// 重构日志: 0c952278
// 重构日志: 5fc0b780
// 重构日志: 640294a7
// 同步 ID: ff1d751f @ Fri Jul 10 17:59:14 UTC 2026
// 同步 ID: 56ede8b7 @ Sat Jul 11 18:18:42 UTC 2026
// 重构日志: 201443bd
// 重构日志: fa65baf4
// 重构日志: 78c380ab
// 重构日志: fc20839a
// 重构日志: 0a6ab7ce
// 同步 ID: 8aff72f2 @ Fri Jul 17 09:18:37 UTC 2026
// 重构日志: 1f33448e
// 重构日志: 4210f801
// 重构日志: 71f84077
// 重构日志: 39f3fc6b
// 同步 ID: d9332db2 @ Wed Jul 22 05:51:29 UTC 2026
// 同步 ID: a6ae50ca @ Wed Jul 22 17:08:51 UTC 2026
// 重构日志: dadaeb23
// 重构日志: a7c7d375
// 同步 ID: c5ed85e0 @ Thu Jul 23 16:39:18 UTC 2026
